make.exe all --print-data-base --no-builtin-variables --no-builtin-rules --question
# GNU Make 3.81
# Copyright (C) 2006  Free Software Foundation, Inc.
# This is free software; see the source for copying conditions.
# There is NO warranty; not even for MERCHANTABILITY or FITNESS FOR A
# PARTICULAR PURPOSE.

# This program built for i386-pc-mingw32
 

# Make data base, printed on Thu May 19 10:38:40 2022

# Variables

# automatic
<D = $(patsubst %/,%,$(dir $<))
# automatic
?F = $(notdir $?)
# environment
SHACLROOT = C:\utils\semweb\shacl-1.3.2
# makefile
MAKEFLAGS = Rrqp
# environment
VSCODE_LOG_NATIVE = false
# automatic
?D = $(patsubst %/,%,$(dir $?))
# automatic
@D = $(patsubst %/,%,$(dir $@))
# environment
HOMEDRIVE = C:
# automatic
@F = $(notdir $@)
# automatic
^D = $(patsubst %/,%,$(dir $^))
# makefile
CURDIR := c:/src/personal/labra.github.io
# d 
efault
SHELL := C:/utils/Developer/Git/usr/bin/sh.exe
# environment
WINDIR = C:\WINDOWS
# environment
VSCODE_NLS_CONFIG = {"locale":"es","availableLanguages":{"*":"es"},"_languagePackId":"125a9a608456aa5e8a25d0a18c7b1d68.es","_translationsConfigFile":"C:\\Users\\jelab\\AppData\\Roaming\\Code\\clp\\125a9a608456aa5e8a25d0a18c7b1d68.es\\tcf.json","_cacheRoot":"C:\\Users\\jelab\\AppData\\Roaming\\Code\\clp\\125a9a608456aa5e8a25d0a18c7b1d68.es","_resolvedLanguagePackCoreLocation":"C:\\Users\\jelab\\AppData\\Roaming\\Code\\clp\\125a9a608456aa5e8a25d0a18c7b1d68.es\\da15b6fd3ef856477bf6f4fb29ba1b7af717770d","_corruptedFile":"C:\\Users\\jelab\\AppData\\Roaming\\Code\\clp\\125a9a608456aa5e8a25d0a18c7b1d68.es\\corrupted.info","_languagePackSupport":true}
# environment
ONEDRIVE = C:\Users\jelab\OneDrive - Universidad de Oviedo
# environment
GITHUB_TOKEN = c8936039826231af0585f5492fb0c72f7ab82329
# environment
GATLING_HOME = C:\utils\Developer\gatling-charts-highcharts-bundle-3.3.1
# environment
PATHEXT = .COM;.EXE;.BAT;. 
CMD;.VBS;.VBE;.JS;.JSE;.WSF;.WSH;.MSC;.RB;.RBW;.PY;.PYW
# makefile (from `makefile', line 1)
MAKEFILE_LIST :=  makefile
# environment
FPS_BROWSER_USER_PROFILE_STRING = Default
# environment
TMP = C:\Users\jelab\AppData\Local\Temp
# environment
VSCODE_VERBOSE_LOGGING = true
# environment
WEBSTORM = C:\utils\editors\WebStorm 2018.3.4\bin;
# environment
PROGRAMW6432 = C:\Program Files
# environment
PUPPETEER_SKIP_DOWNLOAD = true
# environment
PROGRAMDATA = C:\ProgramData
# environment
VSCODE_IPC_HOOK_EXTHOST = \\.\pipe\vscode-ipc-68da59b9-795b-4b23-be7d-e21a2847e2a1-sock
# environment
VSCODE_CWD = C:\utils\editors\vsc
# environment
PATH = C:\Python310\Scripts\;C:\Python310\;C:\utils\Graphics\ImageMagick-7.1.0-Q16-HDRI;C:\Python39\Scripts\;C:\Python39\;C:\tools\ruby26\bin;C:\Program Files (x86)\Intel\iCLS Client\;C:\Program Files\Intel\iCLS Client\;C:\WINDOWS\system32;C:\WINDOWS;C:\WINDOWS\System32\Wbem;C:\WINDOWS\System32\WindowsPowerShell\v1.0\;C:\Program Files (x86)\Intel\Intel(R) Management Engine Components\DAL;C:\Program Files\Intel\Intel(R) Management Engine Components\DAL;C:\Program Files (x86)\Intel\Intel(R) Management Engine Components\IPT;C:\Program Files\Intel\Intel(R) Management Engine Components\IPT;C:\utils\develop\sbt\bin;C:\ProgramData\chocolatey\bin;C:\utils\Admin\Putty\;C:\Program Files (x86)\Calibre2\;C:\WINDOWS\System32\OpenSSH\;C:\ProgramData\ComposerSetup\bin;C:\utils\editors\vsc\bin;C:\Program Files\Docker\Docker\resources\bin;C:\utils\Video\QuickTime\QTSystem\;C:\utils\develop\Git LFS;C:\compi\Scala\bin;C:\utils\develop\;C:\utils\Developer\Git\cmd;C:\utils\Developer\Git\mingw64\bin;C:\utils\Developer\Git\usr\bin;C:\Program Files\Go\bin;C:\compi\scala-cli\;C:\compi\nodejs\;C:\Program Files (x86)\sbt\bin;C:\ProgramData\DockerDesktop\version-bin;C:\Users\jelab\scoop\shims;C:\Users\jelab\AppData\Local\Programs\Python\Python38-32\Scripts\;C:\Users\jelab\AppData\Local\Programs\Python\Python38-32\;C:\Users\jelab\AppData\Local\Microsoft\WindowsApps;C:\utils\editors\vsc\bin;C:\compi\Java\jdk12_0_2\bin;C:\utils\develop\maven\apache-maven-3.5.2\bin;C:\utils\bin;C:\utils\develop\Heroku\bin;C:\utils\semweb\apache-jena-fuseki-4.0.0;C:\utils\semweb\apache-jena-4.2.0\bat;C:\utils\Graphics\Graphviz\release\bin;C:\xampp;c:\xampp\php;C:\Users\jelab\AppData\Roaming\Composer\vendor\bin;c:\tools\ruby26\bin\;C:\utils\editors\WebStorm 2018.3.4\bin;C:\utils\semweb\shacl-1.3.2\bin;C:\utils\semweb\shaclex-0.1.70\bin;C:\utils\Developer\gatling-charts-highcharts-bundle-3.3.1\bin;C:\utils\semweb\shacl\shacl-1.3.3-SNAPSHOT\bin;C:\Users\jelab\AppData\Local\GitHubDesktop\bin;C:\compi\clingo\clingo-5.4.0-win64;C:\Users\jelab\AppData\Local\Pandoc\;C:\Users\jelab\AppData\Roaming\MiKTeX\2.9\miktex\bin\x64\;C:\utils\semweb\shexs-0.1.85\bin;C:\Users\jelab\AppData\Local\Microsoft\WindowsApps;C:\Program Files (x86)\GitHub CLI\;C:\Users\jelab\go\bin;C:\utils\text\miktex216\miktex\bin\x64\;C:\utils\semweb\shexs-0.2.0\bin;C:\utils\text\texlive\2021\bin\win32;C:\utils\text\text2img\TeX2img;C:\Users\jelab\AppData\Roaming\npm;C:\Program Files 
 (x86)\sbt\bin;
# environment
COMMONPROGRAMW6432 = C:\Program Files\Common Files
# environment
GIT_LFS_PATH = C:\utils\develop\Git LFS
# environment
CHOCOLATEYLASTPATHUPDATE = 132560715075704454
# environment
PROCESSOR_ARCHITECTURE = x86
# environment
USERPROFILE = C:\Users\jelab
# environment
CHOCOLATEYINSTALL = C:\ProgramData\chocolatey
# environment
ALLUSERSPROFILE = C:\ProgramData
# environment
GOPATH = C:\Users\jelab\go
# environment
VSCODE_LOG_STACK = false
# environment
NUMBER_OF_PROCESSORS = 4
# environment
ELECTRON_RUN_AS_NODE = 1
# default
.FEATURES := target-specific order-only second-expansion else-if archives
# automatic
%F = $(notdir $%)
# automatic
*F = $(notdir $*)
# default
MAKEFILES := 
# environment
VSCODE_PIPE_LOGGING = true
# environment
COMPUTERNAME = DESKTOP-JT7U8L5
# environment
PROGRAMFILES = C:\Program Files (x86)
# environment
DRIVERDATA = C:\Windows\System32\Drivers\DriverData
# environment
ORIGINAL_XDG_CURRENT_DESKTOP = undefined
# environment
USERNAME = labra
# environment
PUBLIC 
 = C:\Users\Public
# environment
USE_SSH = true
# environment
VSCODE_AMD_ENTRYPOINT = vs/workbench/api/node/extensionHostProcess
# environment
CHOCOLATEYTOOLSLOCATION = C:\tools
# environment
VSCODE_CODE_CACHE_PATH = C:\Users\jelab\AppData\Roaming\Code\CachedData\da15b6fd3ef856477bf6f4fb29ba1b7af717770d
# environment
APPLICATION_INSIGHTS_NO_DIAGNOSTIC_CHANNEL = true
# environment
COMMONPROGRAMFILES = C:\Program Files (x86)\Common Files
# environment
LOGONSERVER = \\DESKTOP-JT7U8L5
# environment
VSCODE_HANDL 
ES_UNCAUGHT_ERRORS = true
# environment
USERDOMAIN = DESKTOP-JT7U8L5
# default
MAKE = $(MAKE_COMMAND)
# default
MAKECMDGOALS := all
# environment
SBT_HOME = C:\Program Files (x86)\sbt\
# environment
JAVA_HOME = C:\compi\Java\jdk12_0_2
# environment
LATEXWORKSHOP_DOCKER_LATEX = 
# environment
ONEDRIVECOMMERCIAL = C:\Users\jelab\OneDrive - Universidad de Oviedo
# default
MAKE_VERSION := 3.81
# environment
__PSLOCKDOWNPOLICY = 0
# environment
JENA_HOME = C:\utils\semweb\apache-jena-4.2.0
# environment
CLASSPATH = .;C:\utils\Video\QuickTime\QTSystem\QTJava.zip
# environment
PROGRAMFILES(X86) = C:\Program Files (x86)
# automatic
%D = $(patsubst %/,%,$(dir $%))
# environment
LOCALAPPDATA = C:\Users\jelab\AppData\Local
# environment
PSMODULEPATH = C:\Program Files\WindowsPowerShell\Modules;C:\WINDOWS\system32\WindowsPowerShell\v1.0\Modules
# default
MAKE_COMMAND := make.exe
# environment
PROCESSOR_ARCHITEW6432 = AMD64
# default
.VARIABLES := 
# environment
BINTRAY_PASS = boogaloo
# environment
PROCESSOR_IDENTIFIER = 
 Intel64 Family 6 Model 142 Stepping 9, GenuineIntel
# environment
OS = Windows_NT
# environment
VSCODE_IPC_HOOK = \\.\pipe\cfa1d2a2e5533c35eb1f8f1194160479-1.67.1-main-sock
# environment
QTJAVA = C:\utils\Video\QuickTime\QTSystem\QTJava.zip
# environment
HOMEPATH = \Users\jelab
# environment
COMMONPROGRAMFILES(X86) = C:\Program Files (x86)\Common Files
# environment
PROMPT = $P$G
# environment
MFLAGS = -Rrqp
# automatic
*D = $(patsubst %/,%,$(dir $*))
# environment
SYSTEMROOT = C:\WINDOWS
# automatic
+D =  
$(patsubst %/,%,$(dir $+))
# automatic
+F = $(notdir $+)
# environment
APPDATA = C:\Users\jelab\AppData\Roaming
# environment
TEMP = C:\Users\jelab\AppData\Local\Temp
# environment
BINTRAY_USER = labra
# environment
COMSPEC = C:\WINDOWS\system32\cmd.exe
# environment
GITHUB_USER = labra
# environment
GRAPHVIZ_DOT = C:\utils\Graphics\Graphviz\release\bin\dot.exe
# automatic
<F = $(notdir $<)
# environment
WIX = C:\Program Files (x86)\WiX Toolset v3.11\
# environment
LC_ALL = C
# environment
CONFIGSETROOT = C 
:\WINDOWS\ConfigSetRoot
# automatic
^F = $(notdir $^)
# default
SUFFIXES := 
# environment
SYSTEMDRIVE = C:
# environment
SESSIONNAME = Console
# environment
PROCESSOR_REVISION = 8e09
# environment
MAKELEVEL := 0
# makefile
.DEFAULT_GOAL := dev
# environment
LANG = C
# environment
PROCESSOR_LEVEL = 6
# environment
FPS_BROWSER_APP_PROFILE_STRING = Internet Explorer
# environment
VSCODE_PID = 13632
# environment
USERDOMAIN_ROAMINGPROFILE = DESKTOP-JT7U8L5
# variable set hash-table stats:
# Load=112/1024=11%,  
Rehash=0, Collisions=15/131=11%

# Pattern-specific Variable Values

# No pattern-specific variable values.

# Directories

# C:\utils\editors\vsc\bin (key C:/utils/editors/vsc/bin, mtime 1652264096): 4 files, no impossibilities.
# C:\Program Files\Intel\iCLS Client\ (key C:/Program Files/Intel/iCLS Client/, mtime 1482958196): 21 files, no impossibilities.
# C:\Program Files\Docker\Docker\resources\bin (key C:/Program Files/Docker/Docker/resources/bin, mtime 1652180584): 13 files, no impossibilities.
# C:\u 
tils\Developer\Git\cmd (key C:/utils/Developer/Git/cmd, mtime 1612388646): 8 files, no impossibilities.
# C:\WINDOWS\System32\WindowsPowerShell\v1.0\ (key C:/WINDOWS/System32/WindowsPowerShell/v1.0/, mtime 1643132381): 32 files, no impossibilities.
# C:\WINDOWS\System32\Wbem (key C:/WINDOWS/System32/Wbem, mtime 1652487236): 174 files, no impossibilities.
# . (key c:/src/personal/labra.github.io, mtime 1631526583): 32 files, no impossibilities.
# C:\utils\develop\ (key C:/utils/develop/, mtime 1579521220): 2 
2 files, no impossibilities.
# C:\utils\Admin\Putty\ (key C:/utils/Admin/Putty/, mtime 1516705424): 12 files, no impossibilities.
# C:\compi\Scala\bin: could not be stat'd.
# C:\ProgramData\chocolatey\bin (key C:/ProgramData/chocolatey/bin, mtime 1623257752): 35 files, no impossibilities.
# C:\utils\Graphics\ImageMagick-7.1.0-Q16-HDRI (key C:/utils/Graphics/ImageMagick-7.1.0-Q16-HDRI, mtime 1632141789): 72 files, no impossibilities.
# C:\Python310\ (key C:/Python310/, mtime 1641638021): 18 files, no impossi 
bilities.
# C:\Python310\Scripts\ (key C:/Python310/Scripts/, mtime 1641638021): 5 files, no impossibilities.
# C:\Program Files\Intel\Intel(R) Management Engine Components\IPT (key C:/Program Files/Intel/Intel(R) Management Engine Components/IPT, mtime 1482958152): 5 files, no impossibilities.
# C:\WINDOWS\System32\OpenSSH\: could not be stat'd.
# C:\ProgramData\ComposerSetup\bin (key C:/ProgramData/ComposerSetup/bin, mtime 1542956348): 5 files, no impossibilities.
# C:\Program Files (x86)\Intel\iCLS Client\ (key C:/Program Files (x86)/Intel/iCLS Client/, mtime 1482958196): 19 files, no impossibilities.
# C:\utils\Developer\Git\mingw64\bin (key C:/utils/Developer/Git/mingw64/bin, mtime 1612388646): 107 files, no impossibilities.
# C:\utils\develop\Git LFS (key C:/utils/develop/Git LFS, mtime 1560491444): 5 files, no impossibilities.
# C:\Program Files (x86)\Intel\Intel(R) Management Engine Components\IPT (key C:/Program Files (x86)/Intel/Intel(R) Management Engine Components/IPT, mtime 1482958152): 6 files, no impossibilities.
# C:\utils\develop\sbt\bin: could not be stat'd.
# C:\Program Files\Intel\Intel(R) Management Engine Components\DAL (key C:/Program Files/Intel/Intel(R) Management Engine Components/DAL, mtime 1482958152): 4 files, no impossibilities.
# C:\WINDOWS (key C:/WINDOWS, mtime 1647600063): 138 files, no impossibilities.
# C:\Program Files (x86)\Calibre2\ (key C:/Program Files (x86)/Calibre2/, mtime 1608414062): 24 files, no impossibilities.
# C:\Python39\ (key C:/Python39/, mtime 1611601575): 18 files, no impossibilities.
# C:\Python39\Scripts\ (key C:/Python39/Scripts/, mtime 1611601579): 7 files, no impossibilities.
# C:\utils\Developer\Git\usr\bin (key C:/utils/Developer/Git/usr/bin, mtime 1612388645): 315 files, no impossibilities so far.
# C:\WINDOWS\system32 (key C:/WINDOWS/system32, mtime 1652912689): 3077 files, no impossibilities.
# C:\tools\ruby26\bin (key C:/tools/ruby26/bin, mtime 1548872567): 27 files, no impossibilities.
# C:\utils\Video\QuickTime\QTSystem\ (key C:/utils/Video/QuickTime/QTSystem/, mtime 1558245261): 65 files, no impossibilities.
# C:\Program Files (x86)\Intel\Intel(R) Management Engine Components\DAL (key C:/Program Files (x86)/Intel/Intel(R) Management Engine Components/DAL, mtime 1482958152): 10 files, no impossibilities.

# 4280 files, no impossibilities in 32 directories.

# Implicit Rules

# No implicit rules.

# Files

# Not a target:
all:
#  Command-line target.
#  Implicit rule search has been done.
#  File does not exist.
#  File has not been updated.
# varia 
ble set hash-table stats:
# Load=0/32=0%, Rehash=0, Collisions=0/0=0%

# Not a target:
.DEFAULT:
#  Implicit rule search has not been done.
#  Modification time never checked.
#  File has not been updated.

# Not a target:
makefile:
#  Implicit rule search has been done.
#  Last modified 2021-07-10 07:20:39
#  File has been updated.
#  Successfully updated.
# variable set hash-table stats:
# Load=0/32=0%, Rehash=0, Collisions=0/0=0%

build:
#  Implicit rule search has not been done.
#  Modification time never checked.
#  File has not been updated.
#  commands to execute (from `makefile', line 6):
	hugo -D	
	

# Not a target:
.SUFFIXES:
#  Implicit rule search has not been done.
#  Modification time never checked.
#  File has not been updated.

dev:
#  Implicit rule search has not been done.
#  Modification time never checked.
#  File has not been updated.
#  commands to execute (from `makefile', line 3):
	hugo server --watch --buildDrafts
	

# files hash-table stats:
# Load=6/1024=1%, Rehash=0, Collisions=0/17=0%
# VPATH Search Paths

# No `vpath' search paths.

# No general (`VPATH' variable) search path.

# # of strings in strcache: 1
# # of strcache buffers: 1
# strcache size: total = 4096 / max = 4096 / min = 4096 / avg = 4096
# strcache free: total = 4087 / max = 4087 / min = 4087 / avg = 4087

# Finished Make data base on Thu May 19 10:38:40 2022

 
make.exe: *** No rule to make target `all'.  Stop.

